<?xml version="1.0" encoding="UTF-8"?>
<testng-results ignored="0" total="4" passed="3" failed="1" skipped="0">
  <reporter-output>
  </reporter-output>
  <suite started-at="2021-10-21T14:40:38 IST" name="Suite" finished-at="2021-10-21T14:41:16 IST" duration-ms="38395">
    <groups>
    </groups>
    <test started-at="2021-10-21T14:40:38 IST" name="App Validate Test" finished-at="2021-10-21T14:40:38 IST" duration-ms="7">
    </test> <!-- App Validate Test -->
    <test started-at="2021-10-21T14:40:38 IST" name="Validate Title Test" finished-at="2021-10-21T14:40:47 IST" duration-ms="9205">
      <class name="Accademy.ValidateTitle">
        <test-method signature="basePageNavigaton()[pri:0, instance:Accademy.ValidateTitle@2d72f75e]" started-at="2021-10-21T14:40:38 IST" name="basePageNavigaton" finished-at="2021-10-21T14:40:46 IST" duration-ms="8049" status="FAIL">
          <exception class="java.lang.AssertionError">
            <message>
              <![CDATA[expected [FATURED COURSES] but found [FEATURED COURSES]]]>
            </message>
            <full-stacktrace>
              <![CDATA[java.lang.AssertionError: expected [FATURED COURSES] but found [FEATURED COURSES]
at org.testng.Assert.fail(Assert.java:99)
at org.testng.Assert.failNotEquals(Assert.java:1037)
at org.testng.Assert.assertEqualsImpl(Assert.java:140)
at org.testng.Assert.assertEquals(Assert.java:122)
at org.testng.Assert.assertEquals(Assert.java:629)
at org.testng.Assert.assertEquals(Assert.java:639)
at Accademy.ValidateTitle.basePageNavigaton(ValidateTitle.java:31)
at java.base/jdk.internal.reflect.NativeMethodAccessorImpl.invoke0(Native Method)
at java.base/jdk.internal.reflect.NativeMethodAccessorImpl.invoke(NativeMethodAccessorImpl.java:64)
at java.base/jdk.internal.reflect.DelegatingMethodAccessorImpl.invoke(DelegatingMethodAccessorImpl.java:43)
at java.base/java.lang.reflect.Method.invoke(Method.java:564)
at org.testng.internal.MethodInvocationHelper.invokeMethod(MethodInvocationHelper.java:133)
at org.testng.internal.TestInvoker.invokeMethod(TestInvoker.java:598)
at org.testng.internal.TestInvoker.invokeTestMethod(TestInvoker.java:173)
at org.testng.internal.MethodRunner.runInSequence(MethodRunner.java:46)
at org.testng.internal.TestInvoker$MethodInvocationAgent.invoke(TestInvoker.java:824)
at org.testng.internal.TestInvoker.invokeTestMethods(TestInvoker.java:146)
at org.testng.internal.TestMethodWorker.invokeTestMethods(TestMethodWorker.java:146)
at org.testng.internal.TestMethodWorker.run(TestMethodWorker.java:128)
at java.base/java.util.ArrayList.forEach(ArrayList.java:1511)
at org.testng.TestRunner.privateRun(TestRunner.java:794)
at org.testng.TestRunner.run(TestRunner.java:596)
at org.testng.SuiteRunner.runTest(SuiteRunner.java:377)
at org.testng.SuiteRunner.runSequentially(SuiteRunner.java:371)
at org.testng.SuiteRunner.privateRun(SuiteRunner.java:332)
at org.testng.SuiteRunner.run(SuiteRunner.java:276)
at org.testng.SuiteRunnerWorker.runSuite(SuiteRunnerWorker.java:53)
at org.testng.SuiteRunnerWorker.run(SuiteRunnerWorker.java:96)
at org.testng.TestNG.runSuitesSequentially(TestNG.java:1212)
at org.testng.TestNG.runSuitesLocally(TestNG.java:1134)
at org.testng.TestNG.runSuites(TestNG.java:1063)
at org.testng.TestNG.run(TestNG.java:1031)
at org.apache.maven.surefire.testng.TestNGExecutor.run(TestNGExecutor.java:284)
at org.apache.maven.surefire.testng.TestNGXmlTestSuite.execute(TestNGXmlTestSuite.java:75)
at org.apache.maven.surefire.testng.TestNGProvider.invoke(TestNGProvider.java:119)
at org.apache.maven.surefire.booter.ForkedBooter.runSuitesInProcess(ForkedBooter.java:428)
at org.apache.maven.surefire.booter.ForkedBooter.execute(ForkedBooter.java:162)
at org.apache.maven.surefire.booter.ForkedBooter.run(ForkedBooter.java:562)
at org.apache.maven.surefire.booter.ForkedBooter.main(ForkedBooter.java:548)
]]>
            </full-stacktrace>
          </exception> <!-- java.lang.AssertionError -->
          <reporter-output>
          </reporter-output>
        </test-method> <!-- basePageNavigaton -->
      </class> <!-- Accademy.ValidateTitle -->
    </test> <!-- Validate Title Test -->
    <test started-at="2021-10-21T14:40:47 IST" name="Home Page ValidateTest" finished-at="2021-10-21T14:41:08 IST" duration-ms="20261">
      <class name="Accademy.HomePage">
        <test-method signature="basePageNavigaton(java.lang.String,java.lang.String,java.lang.String)[pri:0, instance:Accademy.HomePage@120f38e6]" started-at="2021-10-21T14:40:47 IST" name="basePageNavigaton" data-provider="getData" finished-at="2021-10-21T14:40:55 IST" duration-ms="7835" status="PASS">
          <params>
            <param index="0">
              <value>
                <![CDATA[nonrestricted@gmail.com]]>
              </value>
            </param>
            <param index="1">
              <value>
                <![CDATA[Restricted User]]>
              </value>
            </param>
            <param index="2">
              <value is-null="true"/>
            </param>
          </params>
          <reporter-output>
          </reporter-output>
        </test-method> <!-- basePageNavigaton -->
        <test-method signature="basePageNavigaton(java.lang.String,java.lang.String,java.lang.String)[pri:0, instance:Accademy.HomePage@120f38e6]" started-at="2021-10-21T14:40:55 IST" name="basePageNavigaton" data-provider="getData" finished-at="2021-10-21T14:41:08 IST" duration-ms="12251" status="PASS">
          <params>
            <param index="0">
              <value>
                <![CDATA[restricted@gmail.com]]>
              </value>
            </param>
            <param index="1">
              <value>
                <![CDATA[1234567]]>
              </value>
            </param>
            <param index="2">
              <value>
                <![CDATA[Non Restricted user]]>
              </value>
            </param>
          </params>
          <reporter-output>
          </reporter-output>
        </test-method> <!-- basePageNavigaton -->
      </class> <!-- Accademy.HomePage -->
    </test> <!-- Home Page ValidateTest -->
    <test started-at="2021-10-21T14:41:08 IST" name="Validate Navigation Test" finished-at="2021-10-21T14:41:16 IST" duration-ms="8870">
      <class name="Accademy.ValidateNavigation">
        <test-method signature="basePageNavigaton()[pri:0, instance:Accademy.ValidateNavigation@7646731d]" started-at="2021-10-21T14:41:08 IST" name="basePageNavigaton" finished-at="2021-10-21T14:41:16 IST" duration-ms="8766" status="PASS">
          <reporter-output>
          </reporter-output>
        </test-method> <!-- basePageNavigaton -->
      </class> <!-- Accademy.ValidateNavigation -->
    </test> <!-- Validate Navigation Test -->
  </suite> <!-- Suite -->
</testng-results>
